<?xml version="1.0" encoding="UTF-8"?>
<!-- Generated by org.testng.reporters.JUnitXMLReporter -->
<testsuite ignored="0" hostname="user-PC" failures="1" tests="3" name="Test" time="110.856" errors="0" timestamp="2023-01-28T12:40:26 IST">
  <testcase classname="Opk.test3" name="Testthree" time="64.515"/>
  <testcase classname="Opk.test2" name="testone" time="16.37">
    <failure type="java.lang.AssertionError">
      <![CDATA[java.lang.AssertionError
at org.junit.Assert.fail(Assert.java:86)
at org.junit.Assert.assertTrue(Assert.java:41)
at org.junit.Assert.assertFalse(Assert.java:64)
at org.junit.Assert.assertFalse(Assert.java:74)
at Opk.test2.testone(test2.java:18)
at java.base/java.util.ArrayList.forEach(ArrayList.java:1541)
... Removed 27 stack frames]]>
    </failure>
  </testcase> <!-- testone -->
  <testcase classname="Opk.orangeframework" name="logintest" time="14.144"/>
</testsuite> <!-- Test -->
